<?xml version="1.0" encoding="UTF-8" ?>
<testsuite tests="14" failures="0" name="ec.util.MiscTest" time="0.004" errors="0" skipped="0">
  <properties>
[...]
</properties>
  <testcase classname="ec.util.MiscTest" name="testContainsNulls1" time="0.002"/>
  <testcase classname="ec.util.MiscTest" name="testContainsNulls2" time="0"/>
  <testcase classname="ec.util.MiscTest" name="testContainsNulls3" time="0.001"/>
  <testcase classname="ec.util.MiscTest" name="testContainsNulls4" time="0"/>
  <testcase classname="ec.util.MiscTest" name="testContainsNulls5" time="0"/>
  <testcase classname="ec.util.MiscTest" name="testContainsNulls6" time="0"/>
  <testcase classname="ec.util.MiscTest" name="testDoubleEquals1" time="0.001"/>
  <testcase classname="ec.util.MiscTest" name="testDoubleEquals2" time="0"/>
  <testcase classname="ec.util.MiscTest" name="testDoubleEquals3" time="0"/>
  <testcase classname="ec.util.MiscTest" name="testDoubleEquals4" time="0"/>
  <testcase classname="ec.util.MiscTest" name="testDoubleEquals5" time="0"/>
  <testcase classname="ec.util.MiscTest" name="testDoubleEquals6" time="0"/>
  <testcase classname="ec.util.MiscTest" name="testDoubleEquals7" time="0"/>
  <testcase classname="ec.util.MiscTest" name="testDoubleEquals8" time="0"/>
</testsuite>