<?xml version="1.0" encoding="UTF-8" ?>
<testsuite tests="70" failures="0" name="ec.util.ParameterDatabaseTest" time="0.011" errors="0" skipped="0">
  <properties>
[...]
</properties>
  <testcase classname="ec.util.ParameterDatabaseTest" name="aliasDefault" time="0"/>
  <testcase classname="ec.util.ParameterDatabaseTest" name="aliasParentParams" time="0"/>
  <testcase classname="ec.util.ParameterDatabaseTest" name="manualAliasExample1" time="0"/>
  <testcase classname="ec.util.ParameterDatabaseTest" name="manualAliasExample2" time="0"/>
  <testcase classname="ec.util.ParameterDatabaseTest" name="manualAliasExample3" time="0.001"/>
  <testcase classname="ec.util.ParameterDatabaseTest" name="manualAliasExample4" time="0"/>
  <testcase classname="ec.util.ParameterDatabaseTest" name="manualAliasExample5" time="0"/>
  <testcase classname="ec.util.ParameterDatabaseTest" name="manualAliasExample6" time="0"/>
  <testcase classname="ec.util.ParameterDatabaseTest" name="testGetDoubles1" time="0.001"/>
  <testcase classname="ec.util.ParameterDatabaseTest" name="testGetDoubles2" time="0"/>
  <testcase classname="ec.util.ParameterDatabaseTest" name="testGetDoubles3" time="0"/>
  <testcase classname="ec.util.ParameterDatabaseTest" name="testGetDoubles4" time="0"/>
  <testcase classname="ec.util.ParameterDatabaseTest" name="testGetDoubles5" time="0.001"/>
  <testcase classname="ec.util.ParameterDatabaseTest" name="testGetDoubles6" time="0"/>
  <testcase classname="ec.util.ParameterDatabaseTest" name="testGetDoubles7" time="0"/>
  <testcase classname="ec.util.ParameterDatabaseTest" name="testGetDoubles8" time="0.001"/>
  <testcase classname="ec.util.ParameterDatabaseTest" name="testGetDoubles9" time="0"/>
  <testcase classname="ec.util.ParameterDatabaseTest" name="alias1" time="0"/>
  <testcase classname="ec.util.ParameterDatabaseTest" name="alias2" time="0"/>
  <testcase classname="ec.util.ParameterDatabaseTest" name="alias3" time="0"/>
  <testcase classname="ec.util.ParameterDatabaseTest" name="alias4" time="0"/>
  <testcase classname="ec.util.ParameterDatabaseTest" name="alias5" time="0"/>
  <testcase classname="ec.util.ParameterDatabaseTest" name="alias6" time="0.001"/>
  <testcase classname="ec.util.ParameterDatabaseTest" name="aliasInParent" time="0"/>
  <testcase classname="ec.util.ParameterDatabaseTest" name="happyPath1" time="0"/>
  <testcase classname="ec.util.ParameterDatabaseTest" name="happyPath2" time="0"/>
  <testcase classname="ec.util.ParameterDatabaseTest" name="testGetDoublesUnconstrained1" time="0"/>
  <testcase classname="ec.util.ParameterDatabaseTest" name="testGetDoublesUnconstrained2" time="0"/>
  <testcase classname="ec.util.ParameterDatabaseTest" name="testGetDoublesUnconstrained3" time="0.001"/>
  <testcase classname="ec.util.ParameterDatabaseTest" name="testGetDoublesUnconstrained4" time="0"/>
  <testcase classname="ec.util.ParameterDatabaseTest" name="testGetDoublesUnconstrained5" time="0"/>
  <testcase classname="ec.util.ParameterDatabaseTest" name="testGetDoublesUnconstrained6" time="0"/>
  <testcase classname="ec.util.ParameterDatabaseTest" name="testGetDoublesUnconstrained7" time="0"/>
  <testcase classname="ec.util.ParameterDatabaseTest" name="testGetDoublesUnconstrained8" time="0.001"/>
  <testcase classname="ec.util.ParameterDatabaseTest" name="aliasCycle1" time="0"/>
  <testcase classname="ec.util.ParameterDatabaseTest" name="aliasCycle2" time="0"/>
  <testcase classname="ec.util.ParameterDatabaseTest" name="aliasValueInChild" time="0"/>
  <testcase classname="ec.util.ParameterDatabaseTest" name="testGetDoubles10" time="0"/>
  <testcase classname="ec.util.ParameterDatabaseTest" name="testGetDoubles11" time="0"/>
  <testcase classname="ec.util.ParameterDatabaseTest" name="testGetDoubles12" time="0"/>
  <testcase classname="ec.util.ParameterDatabaseTest" name="testGetDoubles13" time="0"/>
  <testcase classname="ec.util.ParameterDatabaseTest" name="testGetDoubles14" time="0"/>
  <testcase classname="ec.util.ParameterDatabaseTest" name="testGetDoubles15" time="0"/>
  <testcase classname="ec.util.ParameterDatabaseTest" name="testGetDoubles16" time="0"/>
  <testcase classname="ec.util.ParameterDatabaseTest" name="testGetDoubles17" time="0"/>
  <testcase classname="ec.util.ParameterDatabaseTest" name="testGetDoubles18" time="0.001"/>
  <testcase classname="ec.util.ParameterDatabaseTest" name="testGetDoubles19" time="0"/>
  <testcase classname="ec.util.ParameterDatabaseTest" name="testGetDoubles20" time="0"/>
  <testcase classname="ec.util.ParameterDatabaseTest" name="testGetDoubles21" time="0"/>
  <testcase classname="ec.util.ParameterDatabaseTest" name="testGetDoublesWithMax1" time="0"/>
  <testcase classname="ec.util.ParameterDatabaseTest" name="testGetDoublesWithMax2" time="0"/>
  <testcase classname="ec.util.ParameterDatabaseTest" name="testGetDoublesWithMax3" time="0.001"/>
  <testcase classname="ec.util.ParameterDatabaseTest" name="testGetDoublesWithMax4" time="0"/>
  <testcase classname="ec.util.ParameterDatabaseTest" name="testGetDoublesWithMax6" time="0"/>
  <testcase classname="ec.util.ParameterDatabaseTest" name="testGetDoublesWithMax7" time="0"/>
  <testcase classname="ec.util.ParameterDatabaseTest" name="testGetDoublesWithMax8" time="0"/>
  <testcase classname="ec.util.ParameterDatabaseTest" name="testGetDoublesWithMax9" time="0.001"/>
  <testcase classname="ec.util.ParameterDatabaseTest" name="nonExistant" time="0"/>
  <testcase classname="ec.util.ParameterDatabaseTest" name="default1" time="0"/>
  <testcase classname="ec.util.ParameterDatabaseTest" name="default2" time="0"/>
  <testcase classname="ec.util.ParameterDatabaseTest" name="default3" time="0"/>
  <testcase classname="ec.util.ParameterDatabaseTest" name="default4" time="0"/>
  <testcase classname="ec.util.ParameterDatabaseTest" name="default5" time="0"/>
  <testcase classname="ec.util.ParameterDatabaseTest" name="defaultParentParams" time="0"/>
  <testcase classname="ec.util.ParameterDatabaseTest" name="aliasPrintParams1" time="0"/>
  <testcase classname="ec.util.ParameterDatabaseTest" name="nullParam" time="0.001"/>
  <testcase classname="ec.util.ParameterDatabaseTest" name="testGetDoublesWithMax10" time="0"/>
  <testcase classname="ec.util.ParameterDatabaseTest" name="testGetDoublesWithMax11" time="0"/>
  <testcase classname="ec.util.ParameterDatabaseTest" name="testGetDoublesWithMax12" time="0"/>
  <testcase classname="ec.util.ParameterDatabaseTest" name="aliasValueInParent" time="0"/>
</testsuite>